2025-01-21 20:12:02 [main] INFO  yeim.publish.PublishApplication - Starting PublishApplication using Java 17.0.9 with PID 84093 (/Users/yeim/0_root/1_Projects/publish/build/classes/java/main started by yeim in /Users/yeim/0_root/1_Projects/publish)
2025-01-21 20:12:02 [main] INFO  yeim.publish.PublishApplication - The following 1 profile is active: "local"
2025-01-21 20:12:02 [main] INFO  o.s.b.w.e.tomcat.TomcatWebServer - Tomcat initialized with port 8088 (http)
2025-01-21 20:12:02 [main] INFO  o.a.coyote.http11.Http11NioProtocol - Initializing ProtocolHandler ["http-nio-8088"]
2025-01-21 20:12:02 [main] INFO  o.a.catalina.core.StandardService - Starting service [Tomcat]
2025-01-21 20:12:02 [main] INFO  o.a.catalina.core.StandardEngine - Starting Servlet engine: [Apache Tomcat/10.1.34]
2025-01-21 20:12:02 [main] INFO  o.a.c.c.C.[Tomcat].[localhost].[/] - Initializing Spring embedded WebApplicationContext
2025-01-21 20:12:02 [main] INFO  o.s.b.w.s.c.ServletWebServerApplicationContext - Root WebApplicationContext: initialization completed in 343 ms
2025-01-21 20:12:02 [main] INFO  o.a.coyote.http11.Http11NioProtocol - Starting ProtocolHandler ["http-nio-8088"]
2025-01-21 20:12:03 [main] INFO  o.s.b.w.e.tomcat.TomcatWebServer - Tomcat started on port 8088 (http) with context path '/'
2025-01-21 20:12:03 [main] INFO  yeim.publish.PublishApplication - Started PublishApplication in 0.741 seconds (process running for 0.967)
2025-01-21 20:12:50 [http-nio-8088-exec-1] INFO  o.a.c.c.C.[Tomcat].[localhost].[/] - Initializing Spring DispatcherServlet 'dispatcherServlet'
2025-01-21 20:12:50 [http-nio-8088-exec-1] INFO  o.s.web.servlet.DispatcherServlet - Initializing Servlet 'dispatcherServlet'
2025-01-21 20:12:50 [http-nio-8088-exec-1] INFO  o.s.web.servlet.DispatcherServlet - Completed initialization in 3 ms
2025-01-21 20:13:22 [SpringApplicationShutdownHook] INFO  o.s.b.w.e.tomcat.GracefulShutdown - Commencing graceful shutdown. Waiting for active requests to complete
2025-01-21 20:13:22 [tomcat-shutdown] INFO  o.s.b.w.e.tomcat.GracefulShutdown - Graceful shutdown complete
2025-01-21 20:13:24 [main] INFO  yeim.publish.PublishApplication - Starting PublishApplication using Java 17.0.9 with PID 84232 (/Users/yeim/0_root/1_Projects/publish/build/classes/java/main started by yeim in /Users/yeim/0_root/1_Projects/publish)
2025-01-21 20:13:24 [main] INFO  yeim.publish.PublishApplication - The following 1 profile is active: "local"
2025-01-21 20:13:24 [main] INFO  o.s.b.w.e.tomcat.TomcatWebServer - Tomcat initialized with port 8088 (http)
2025-01-21 20:13:24 [main] INFO  o.a.coyote.http11.Http11NioProtocol - Initializing ProtocolHandler ["http-nio-8088"]
2025-01-21 20:13:24 [main] INFO  o.a.catalina.core.StandardService - Starting service [Tomcat]
2025-01-21 20:13:24 [main] INFO  o.a.catalina.core.StandardEngine - Starting Servlet engine: [Apache Tomcat/10.1.34]
2025-01-21 20:13:24 [main] INFO  o.a.c.c.C.[Tomcat].[localhost].[/] - Initializing Spring embedded WebApplicationContext
2025-01-21 20:13:24 [main] INFO  o.s.b.w.s.c.ServletWebServerApplicationContext - Root WebApplicationContext: initialization completed in 351 ms
2025-01-21 20:13:24 [main] INFO  o.a.coyote.http11.Http11NioProtocol - Starting ProtocolHandler ["http-nio-8088"]
2025-01-21 20:13:24 [main] INFO  o.s.b.w.e.tomcat.TomcatWebServer - Tomcat started on port 8088 (http) with context path '/'
2025-01-21 20:13:24 [main] INFO  yeim.publish.PublishApplication - Started PublishApplication in 0.747 seconds (process running for 1.062)
2025-01-21 20:13:32 [http-nio-8088-exec-1] INFO  o.a.c.c.C.[Tomcat].[localhost].[/] - Initializing Spring DispatcherServlet 'dispatcherServlet'
2025-01-21 20:13:32 [http-nio-8088-exec-1] INFO  o.s.web.servlet.DispatcherServlet - Initializing Servlet 'dispatcherServlet'
2025-01-21 20:13:32 [http-nio-8088-exec-1] INFO  o.s.web.servlet.DispatcherServlet - Completed initialization in 2 ms
2025-01-21 20:16:17 [SpringApplicationShutdownHook] INFO  o.s.b.w.e.tomcat.GracefulShutdown - Commencing graceful shutdown. Waiting for active requests to complete
2025-01-21 20:16:17 [tomcat-shutdown] INFO  o.s.b.w.e.tomcat.GracefulShutdown - Graceful shutdown complete
2025-01-21 20:16:34 [Test worker] INFO  y.publish.PublishApplicationTests - Starting PublishApplicationTests using Java 17.0.9 with PID 84534 (started by yeim in /Users/yeim/0_root/1_Projects/publish)
2025-01-21 20:16:34 [Test worker] INFO  y.publish.PublishApplicationTests - The following 1 profile is active: "local"
2025-01-21 20:16:35 [Test worker] INFO  y.publish.PublishApplicationTests - Started PublishApplicationTests in 0.817 seconds (process running for 1.415)
